<?xml version="1.0" encoding="UTF-8"?>
<!-- Generated by org.testng.reporters.JUnitReportReporter -->
<testsuite skipped="0" hostname="Asus-Zenbook" name="com.syntax.class01.ClassTask" tests="3" failures="0" timestamp="2020-09-03T19:17:50 COT" time="0.008" errors="0">
  <testcase name="HelloWorld" time="0.003" classname="com.syntax.class01.ClassTask"/>
  <system-out/>
  <testcase name="Bye" time="0.003" classname="com.syntax.class01.ClassTask"/>
  <system-out/>
  <testcase name="Sum" time="0.002" classname="com.syntax.class01.ClassTask"/>
  <system-out/>
</testsuite> <!-- com.syntax.class01.ClassTask -->
