<?xml version="1.0" encoding="UTF-8"?>
<!-- Generated by org.testng.reporters.JUnitReportReporter -->
<testsuite skipped="0" hostname="Asus-Zenbook" name="com.syntax.class01.TestNGIntro" tests="3" failures="0" timestamp="2020-09-03T19:17:50 COT" time="0.009" errors="0">
  <testcase name="testTwo" time="0.000" classname="com.syntax.class01.TestNGIntro"/>
  <system-out/>
  <testcase name="testOne" time="0.007" classname="com.syntax.class01.TestNGIntro"/>
  <system-out/>
  <testcase name="testThree" time="0.002" classname="com.syntax.class01.TestNGIntro"/>
  <system-out/>
</testsuite> <!-- com.syntax.class01.TestNGIntro -->
