<?xml version="1.0" encoding="UTF-8"?>
<!-- Generated by org.testng.reporters.JUnitReportReporter -->
<testsuite skipped="0" hostname="Asus-Zenbook" name="com.syntax.class01.ClassTask02" tests="2" failures="0" timestamp="2020-09-03T19:17:50 COT" time="0.002" errors="0">
  <testcase name="Test1" time="0.001" classname="com.syntax.class01.ClassTask02"/>
  <system-out/>
  <testcase name="Test2" time="0.001" classname="com.syntax.class01.ClassTask02"/>
  <system-out/>
</testsuite> <!-- com.syntax.class01.ClassTask02 -->
