<?xml version="1.0" encoding="UTF-8"?>
<!-- Generated by org.testng.reporters.JUnitReportReporter -->
<testsuite skipped="0" hostname="Asus-Zenbook" name="com.syntax.class01.Dependency" tests="2" failures="0" timestamp="2020-09-03T19:03:41 COT" time="20.878" errors="0">
  <testcase name="titleValidation" time="8.879" classname="com.syntax.class01.Dependency"/>
  <system-out/>
  <testcase name="avaligLogin" time="11.999" classname="com.syntax.class01.Dependency"/>
  <system-out/>
</testsuite> <!-- com.syntax.class01.Dependency -->
