<?xml version="1.0" encoding="UTF-8"?>
<!-- Generated by org.testng.reporters.JUnitReportReporter -->
<testsuite skipped="0" hostname="Asus-Zenbook" name="com.syntax.class01.HRMSTestCases" tests="2" failures="0" timestamp="2020-09-03T19:17:50 COT" time="18.675" errors="0">
  <testcase name="titleValidation" time="8.832" classname="com.syntax.class01.HRMSTestCases"/>
  <system-out/>
  <testcase name="avaligLogin" time="9.843" classname="com.syntax.class01.HRMSTestCases"/>
  <system-out/>
</testsuite> <!-- com.syntax.class01.HRMSTestCases -->
