<?xml version="1.0" encoding="UTF-8"?>
<!-- Generated by org.testng.reporters.JUnitReportReporter -->
<testsuite skipped="0" hostname="Asus-Zenbook" name="com.syntax.class02.AllAnnotations" tests="3" failures="0" timestamp="2020-08-30T13:24:40 COT" time="0.011" errors="0">
  <testcase name="test3" time="0.003" classname="com.syntax.class02.AllAnnotations"/>
  <system-out/>
  <testcase name="test2" time="0.001" classname="com.syntax.class02.AllAnnotations"/>
  <system-out/>
  <testcase name="test" time="0.007" classname="com.syntax.class02.AllAnnotations"/>
  <system-out/>
</testsuite> <!-- com.syntax.class02.AllAnnotations -->
