<?xml version="1.0" encoding="UTF-8"?>
<!-- Generated by org.testng.reporters.JUnitReportReporter -->
<testsuite skipped="0" hostname="Asus-Zenbook" name="com.syntax.class01.DifferentAnnotations" tests="3" failures="0" timestamp="2020-09-03T19:17:50 COT" time="0.011" errors="0">
  <testcase name="test" time="0.006" classname="com.syntax.class01.DifferentAnnotations"/>
  <system-out/>
  <testcase name="test2" time="0.002" classname="com.syntax.class01.DifferentAnnotations"/>
  <system-out/>
  <testcase name="test3" time="0.003" classname="com.syntax.class01.DifferentAnnotations"/>
  <system-out/>
</testsuite> <!-- com.syntax.class01.DifferentAnnotations -->
